Using pre-set license
Built from '2020.3/staging' branch; Version is '2020.3.24f1 (79c78de19888) revision 7980941'; Using compiler version '192528614'; Build Type 'Release'
OS: 'Windows 10  (10.0.19042) 64bit Professional' Language: 'ru' Physical Memory: 15803 MB
BatchMode: 1, IsHumanControllingUs: 0, StartBugReporterOnCrash: 0, Is64bit: 1, IsPro: 0

COMMAND LINE ARGUMENTS:
C:\Program Files\Unity\Hub\Editor\2020.3.24f1\Editor\Unity.exe
-adb2
-batchMode
-noUpm
-name
AssetImportWorker0
-projectPath
C:/Projects/SpaceSHMUP/Space SHMUP Prototype
-logFile
Logs/AssetImportWorker0.log
-srvPort
49778
Successfully changed project path to: C:/Projects/SpaceSHMUP/Space SHMUP Prototype
C:/Projects/SpaceSHMUP/Space SHMUP Prototype
Using Asset Import Pipeline V2.
Refreshing native plugins compatible for Editor in 38.01 ms, found 2 plugins.
Preloading 0 native plugins for Editor in 0.00 ms.
Initialize engine version: 2020.3.24f1 (79c78de19888)
[Subsystems] Discovering subsystems at path C:/Program Files/Unity/Hub/Editor/2020.3.24f1/Editor/Data/Resources/UnitySubsystems
[Subsystems] Discovering subsystems at path C:/Projects/SpaceSHMUP/Space SHMUP Prototype/Assets
GfxDevice: creating device client; threaded=0
Direct3D:
    Version:  Direct3D 11.0 [level 11.1]
    Renderer: NVIDIA GeForce RTX 2060 (ID=0x1f15)
    Vendor:   
    VRAM:     5980 MB
    Driver:   30.0.14.7212
Initialize mono
Mono path[0] = 'C:/Program Files/Unity/Hub/Editor/2020.3.24f1/Editor/Data/Managed'
Mono path[1] = 'C:/Program Files/Unity/Hub/Editor/2020.3.24f1/Editor/Data/MonoBleedingEdge/lib/mono/unityjit'
Mono config path = 'C:/Program Files/Unity/Hub/Editor/2020.3.24f1/Editor/Data/MonoBleedingEdge/etc'
Using monoOptions --debugger-agent=transport=dt_socket,embedding=1,server=y,suspend=n,address=127.0.0.1:56544
Begin MonoManager ReloadAssembly
Registering precompiled unity dll's ...
Register platform support module: C:/Program Files/Unity/Hub/Editor/2020.3.24f1/Editor/Data/PlaybackEngines/WindowsStandaloneSupport/UnityEditor.WindowsStandalone.Extensions.dll
Registered in 0.002683 seconds.
Native extension for WindowsStandalone target not found
Refreshing native plugins compatible for Editor in 39.78 ms, found 2 plugins.
Preloading 0 native plugins for Editor in 0.00 ms.
Mono: successfully reloaded assembly
- Completed reload, in  0.762 seconds
Domain Reload Profiling:
	ReloadAssembly (763ms)
		BeginReloadAssembly (75ms)
			ExecutionOrderSort (0ms)
			DisableScriptedObjects (0ms)
			BackupInstance (0ms)
			ReleaseScriptingObjects (0ms)
			CreateAndSetChildDomain (1ms)
		EndReloadAssembly (590ms)
			LoadAssemblies (71ms)
			RebuildTransferFunctionScriptingTraits (0ms)
			SetupTypeCache (188ms)
			ReleaseScriptCaches (0ms)
			RebuildScriptCaches (46ms)
			SetupLoadedEditorAssemblies (218ms)
				LogAssemblyErrors (0ms)
				InitializePlatformSupportModulesInManaged (6ms)
				SetLoadedEditorAssemblies (0ms)
				RefreshPlugins (40ms)
				BeforeProcessingInitializeOnLoad (25ms)
				ProcessInitializeOnLoadAttributes (112ms)
				ProcessInitializeOnLoadMethodAttributes (35ms)
				AfterProcessingInitializeOnLoad (0ms)
				EditorAssembliesLoaded (0ms)
			ExecutionOrderSort2 (0ms)
			AwakeInstancesAfterBackupRestoration (0ms)
Platform modules already initialized, skipping
Registering precompiled user dll's ...
Registered in 0.006717 seconds.
Begin MonoManager ReloadAssembly
Native extension for WindowsStandalone target not found
Refreshing native plugins compatible for Editor in 0.47 ms, found 2 plugins.
Preloading 0 native plugins for Editor in 0.00 ms.
Mono: successfully reloaded assembly
- Completed reload, in  1.358 seconds
Domain Reload Profiling:
	ReloadAssembly (1359ms)
		BeginReloadAssembly (186ms)
			ExecutionOrderSort (0ms)
			DisableScriptedObjects (6ms)
			BackupInstance (0ms)
			ReleaseScriptingObjects (0ms)
			CreateAndSetChildDomain (24ms)
		EndReloadAssembly (1089ms)
			LoadAssemblies (116ms)
			RebuildTransferFunctionScriptingTraits (0ms)
			SetupTypeCache (371ms)
			ReleaseScriptCaches (1ms)
			RebuildScriptCaches (67ms)
			SetupLoadedEditorAssemblies (422ms)
				LogAssemblyErrors (0ms)
				InitializePlatformSupportModulesInManaged (6ms)
				SetLoadedEditorAssemblies (1ms)
				RefreshPlugins (1ms)
				BeforeProcessingInitializeOnLoad (112ms)
				ProcessInitializeOnLoadAttributes (281ms)
				ProcessInitializeOnLoadMethodAttributes (12ms)
				AfterProcessingInitializeOnLoad (9ms)
				EditorAssembliesLoaded (0ms)
			ExecutionOrderSort2 (0ms)
			AwakeInstancesAfterBackupRestoration (8ms)
Platform modules already initialized, skipping
========================================================================
Worker process is ready to serve import requests
Launched and connected shader compiler UnityShaderCompiler.exe after 0.06 seconds
Refreshing native plugins compatible for Editor in 0.43 ms, found 2 plugins.
Preloading 0 native plugins for Editor in 0.00 ms.
Unloading 1513 Unused Serialized files (Serialized files now loaded: 0)
System memory in use before: 67.9 MB.
System memory in use after: 68.0 MB.

Unloading 19 unused Assets to reduce memory usage. Loaded Objects now: 1945.
Total: 3.299300 ms (FindLiveObjects: 0.205700 ms CreateObjectMapping: 0.046200 ms MarkObjects: 2.968800 ms  DeleteObjects: 0.077200 ms)

AssetImportParameters requested are different than current active one (requested -> active):
  custom:framework-win-MediaFoundation: 216162199b28c13a410421893ffa2e32 -> 
  custom:video-decoder-ogg-theora: a1e56fd34408186e4bbccfd4996cb3dc -> 
  custom:container-muxer-webm: aa71ff27fc2769a1b78a27578f13a17b -> 
  custom:container-demuxer-webm: 4f35f7cbe854078d1ac9338744f61a02 -> 
  custom:container-demuxer-ogg: 62fdf1f143b41e24485cea50d1cbac27 -> 
  custom:video-encoder-webm-vp8: eb34c28f22e8b96e1ab97ce403110664 -> 
  custom:video-decoder-webm-vp8: 9c59270c3fd7afecdb556c50c9e8de78 -> 
  custom:audio-decoder-ogg-vorbis: bf7c407c2cedff20999df2af8eb42d56 -> 
  custom:audio-encoder-webm-vorbis: bf7c407c2cedff20999df2af8eb42d56 -> 
========================================================================
Received Import Request.
  path: Assets/_Prefabs/Enemy_4.prefab
  artifactKey: Guid(ff0c9719ebf08974ca453f273d3f39eb) Importer(815301076,1909f56bfc062723c751e8b465ee728b)
Start importing Assets/_Prefabs/Enemy_4.prefab using Guid(ff0c9719ebf08974ca453f273d3f39eb) Importer(815301076,1909f56bfc062723c751e8b465ee728b)  -> (artifact id: '052ee418420065d6246bcc4e8ee947b5') in 0.142288 seconds 
  Import took 0.145716 seconds .

========================================================================
Received Import Request.
  Time since last request: 14.769712 seconds.
  path: Assets/__Scripts/Enemy_4.cs
  artifactKey: Guid(5100d88e4c47efa428a54a6b52707265) Importer(815301076,1909f56bfc062723c751e8b465ee728b)
Start importing Assets/__Scripts/Enemy_4.cs using Guid(5100d88e4c47efa428a54a6b52707265) Importer(815301076,1909f56bfc062723c751e8b465ee728b)  -> (artifact id: '3fa68147d3312f28289cb907428e42d1') in 0.038768 seconds 
  Import took 0.042214 seconds .

========================================================================
Received Import Request.
  Time since last request: 134.203981 seconds.
  path: Assets/_Prefabs/Enemy_4.prefab
  artifactKey: Guid(ff0c9719ebf08974ca453f273d3f39eb) Importer(815301076,1909f56bfc062723c751e8b465ee728b)
Start importing Assets/_Prefabs/Enemy_4.prefab using Guid(ff0c9719ebf08974ca453f273d3f39eb) Importer(815301076,1909f56bfc062723c751e8b465ee728b)  -> (artifact id: '697fc1e63b5d591e4f5c2b871cd88d25') in 0.016253 seconds 
  Import took 0.019436 seconds .

========================================================================
Received Import Request.
  Time since last request: 8.235722 seconds.
  path: Assets/_Prefabs/Enemy_4.prefab
  artifactKey: Guid(ff0c9719ebf08974ca453f273d3f39eb) Importer(815301076,1909f56bfc062723c751e8b465ee728b)
Start importing Assets/_Prefabs/Enemy_4.prefab using Guid(ff0c9719ebf08974ca453f273d3f39eb) Importer(815301076,1909f56bfc062723c751e8b465ee728b)  -> (artifact id: '2e14f6994030a836aa52510b4b0248bb') in 0.014476 seconds 
  Import took 0.018122 seconds .

========================================================================
Received Import Request.
  Time since last request: 12.324699 seconds.
  path: Assets/_Prefabs/Enemy_4.prefab
  artifactKey: Guid(ff0c9719ebf08974ca453f273d3f39eb) Importer(815301076,1909f56bfc062723c751e8b465ee728b)
Start importing Assets/_Prefabs/Enemy_4.prefab using Guid(ff0c9719ebf08974ca453f273d3f39eb) Importer(815301076,1909f56bfc062723c751e8b465ee728b)  -> (artifact id: 'd6e4a76a24d6b1862182377a2f226973') in 0.016718 seconds 
  Import took 0.020122 seconds .

========================================================================
Received Import Request.
  Time since last request: 6.255005 seconds.
  path: Assets/_Prefabs/Enemy_4.prefab
  artifactKey: Guid(ff0c9719ebf08974ca453f273d3f39eb) Importer(815301076,1909f56bfc062723c751e8b465ee728b)
Start importing Assets/_Prefabs/Enemy_4.prefab using Guid(ff0c9719ebf08974ca453f273d3f39eb) Importer(815301076,1909f56bfc062723c751e8b465ee728b)  -> (artifact id: '9acad3971a5f21afcc8d15f778a9a48e') in 0.015992 seconds 
  Import took 0.020044 seconds .

========================================================================
Received Import Request.
  Time since last request: 4.205007 seconds.
  path: Assets/_Prefabs/Enemy_4.prefab
  artifactKey: Guid(ff0c9719ebf08974ca453f273d3f39eb) Importer(815301076,1909f56bfc062723c751e8b465ee728b)
Start importing Assets/_Prefabs/Enemy_4.prefab using Guid(ff0c9719ebf08974ca453f273d3f39eb) Importer(815301076,1909f56bfc062723c751e8b465ee728b)  -> (artifact id: '3762a420cc496590a9d2fea91a829ccb') in 0.013119 seconds 
  Import took 0.016303 seconds .

========================================================================
Received Import Request.
  Time since last request: 11.570798 seconds.
  path: Assets/_Prefabs/Enemy_4.prefab
  artifactKey: Guid(ff0c9719ebf08974ca453f273d3f39eb) Importer(815301076,1909f56bfc062723c751e8b465ee728b)
Start importing Assets/_Prefabs/Enemy_4.prefab using Guid(ff0c9719ebf08974ca453f273d3f39eb) Importer(815301076,1909f56bfc062723c751e8b465ee728b)  -> (artifact id: '1a6b48ab2a0227a4a9b7cf037be340a5') in 0.013999 seconds 
  Import took 0.017207 seconds .

========================================================================
Received Import Request.
  Time since last request: 13.159650 seconds.
  path: Assets/_Prefabs/Enemy_4.prefab
  artifactKey: Guid(ff0c9719ebf08974ca453f273d3f39eb) Importer(815301076,1909f56bfc062723c751e8b465ee728b)
Start importing Assets/_Prefabs/Enemy_4.prefab using Guid(ff0c9719ebf08974ca453f273d3f39eb) Importer(815301076,1909f56bfc062723c751e8b465ee728b)  -> (artifact id: '8ebebf5732ae619c59a6f4c5df3480ff') in 0.013672 seconds 
  Import took 0.016786 seconds .

========================================================================
Received Import Request.
  Time since last request: 7.518103 seconds.
  path: Assets/_Prefabs/Enemy_4.prefab
  artifactKey: Guid(ff0c9719ebf08974ca453f273d3f39eb) Importer(815301076,1909f56bfc062723c751e8b465ee728b)
Start importing Assets/_Prefabs/Enemy_4.prefab using Guid(ff0c9719ebf08974ca453f273d3f39eb) Importer(815301076,1909f56bfc062723c751e8b465ee728b)  -> (artifact id: '2bdb81fac728e2b779d9367be54fc320') in 0.014168 seconds 
  Import took 0.017863 seconds .

========================================================================
Received Import Request.
  Time since last request: 2.018243 seconds.
  path: Assets/_Prefabs/Enemy_4.prefab
  artifactKey: Guid(ff0c9719ebf08974ca453f273d3f39eb) Importer(815301076,1909f56bfc062723c751e8b465ee728b)
Start importing Assets/_Prefabs/Enemy_4.prefab using Guid(ff0c9719ebf08974ca453f273d3f39eb) Importer(815301076,1909f56bfc062723c751e8b465ee728b)  -> (artifact id: '16d886cd662037167c075646bec308ee') in 0.013005 seconds 
  Import took 0.016521 seconds .

========================================================================
Received Import Request.
  Time since last request: 13.549801 seconds.
  path: Assets/_Prefabs/Enemy_4.prefab
  artifactKey: Guid(ff0c9719ebf08974ca453f273d3f39eb) Importer(815301076,1909f56bfc062723c751e8b465ee728b)
Start importing Assets/_Prefabs/Enemy_4.prefab using Guid(ff0c9719ebf08974ca453f273d3f39eb) Importer(815301076,1909f56bfc062723c751e8b465ee728b)  -> (artifact id: 'ce9f060898980e29d0d2ab17efbfa569') in 0.014930 seconds 
  Import took 0.019371 seconds .

========================================================================
Received Import Request.
  Time since last request: 17.993380 seconds.
  path: Assets/_Prefabs/Enemy_4.prefab
  artifactKey: Guid(ff0c9719ebf08974ca453f273d3f39eb) Importer(815301076,1909f56bfc062723c751e8b465ee728b)
Start importing Assets/_Prefabs/Enemy_4.prefab using Guid(ff0c9719ebf08974ca453f273d3f39eb) Importer(815301076,1909f56bfc062723c751e8b465ee728b)  -> (artifact id: 'b45da01f25fd95f3cf2829248ad05eac') in 0.012542 seconds 
  Import took 0.016278 seconds .

========================================================================
Received Import Request.
  Time since last request: 21.109796 seconds.
  path: Assets/_Prefabs/Enemy_4.prefab
  artifactKey: Guid(ff0c9719ebf08974ca453f273d3f39eb) Importer(815301076,1909f56bfc062723c751e8b465ee728b)
Start importing Assets/_Prefabs/Enemy_4.prefab using Guid(ff0c9719ebf08974ca453f273d3f39eb) Importer(815301076,1909f56bfc062723c751e8b465ee728b)  -> (artifact id: 'a0155f2bb6bf1ac4eca2cd77bd91f2d2') in 0.013553 seconds 
  Import took 0.017762 seconds .

========================================================================
Received Import Request.
  Time since last request: 3.058434 seconds.
  path: Assets/_Prefabs/Enemy_4.prefab
  artifactKey: Guid(ff0c9719ebf08974ca453f273d3f39eb) Importer(815301076,1909f56bfc062723c751e8b465ee728b)
Start importing Assets/_Prefabs/Enemy_4.prefab using Guid(ff0c9719ebf08974ca453f273d3f39eb) Importer(815301076,1909f56bfc062723c751e8b465ee728b)  -> (artifact id: 'c7b5bce84f3fca619ecca3182ec42eeb') in 0.014115 seconds 
  Import took 0.017611 seconds .

========================================================================
Received Import Request.
  Time since last request: 12.121096 seconds.
  path: Assets/_Prefabs/Enemy_4.prefab
  artifactKey: Guid(ff0c9719ebf08974ca453f273d3f39eb) Importer(815301076,1909f56bfc062723c751e8b465ee728b)
Start importing Assets/_Prefabs/Enemy_4.prefab using Guid(ff0c9719ebf08974ca453f273d3f39eb) Importer(815301076,1909f56bfc062723c751e8b465ee728b)  -> (artifact id: '235c2fedb4a63f0b14188de0ff20ba18') in 0.013807 seconds 
  Import took 0.016917 seconds .

========================================================================
Received Import Request.
  Time since last request: 7.932833 seconds.
  path: Assets/_Prefabs/Enemy_4.prefab
  artifactKey: Guid(ff0c9719ebf08974ca453f273d3f39eb) Importer(815301076,1909f56bfc062723c751e8b465ee728b)
Start importing Assets/_Prefabs/Enemy_4.prefab using Guid(ff0c9719ebf08974ca453f273d3f39eb) Importer(815301076,1909f56bfc062723c751e8b465ee728b)  -> (artifact id: '49cf31fb63a6cf1b214038597304eba5') in 0.014479 seconds 
  Import took 0.018054 seconds .

========================================================================
Received Prepare
Registering precompiled user dll's ...
Registered in 0.006239 seconds.
Begin MonoManager ReloadAssembly
Native extension for WindowsStandalone target not found
Refreshing native plugins compatible for Editor in 0.44 ms, found 2 plugins.
Preloading 0 native plugins for Editor in 0.00 ms.
Mono: successfully reloaded assembly
- Completed reload, in  1.479 seconds
Domain Reload Profiling:
	ReloadAssembly (1480ms)
		BeginReloadAssembly (150ms)
			ExecutionOrderSort (0ms)
			DisableScriptedObjects (6ms)
			BackupInstance (0ms)
			ReleaseScriptingObjects (0ms)
			CreateAndSetChildDomain (45ms)
		EndReloadAssembly (1167ms)
			LoadAssemblies (120ms)
			RebuildTransferFunctionScriptingTraits (0ms)
			SetupTypeCache (409ms)
			ReleaseScriptCaches (1ms)
			RebuildScriptCaches (71ms)
			SetupLoadedEditorAssemblies (425ms)
				LogAssemblyErrors (0ms)
				InitializePlatformSupportModulesInManaged (6ms)
				SetLoadedEditorAssemblies (1ms)
				RefreshPlugins (1ms)
				BeforeProcessingInitializeOnLoad (103ms)
				ProcessInitializeOnLoadAttributes (293ms)
				ProcessInitializeOnLoadMethodAttributes (12ms)
				AfterProcessingInitializeOnLoad (9ms)
				EditorAssembliesLoaded (0ms)
			ExecutionOrderSort2 (0ms)
			AwakeInstancesAfterBackupRestoration (11ms)
Platform modules already initialized, skipping
Refreshing native plugins compatible for Editor in 0.58 ms, found 2 plugins.
Preloading 0 native plugins for Editor in 0.00 ms.
Unloading 1506 Unused Serialized files (Serialized files now loaded: 0)
System memory in use before: 70.9 MB.
System memory in use after: 71.0 MB.

Unloading 15 unused Assets to reduce memory usage. Loaded Objects now: 1955.
Total: 6.018100 ms (FindLiveObjects: 0.342300 ms CreateObjectMapping: 0.122700 ms MarkObjects: 5.512900 ms  DeleteObjects: 0.038100 ms)

AssetImportParameters requested are different than current active one (requested -> active):
  custom:framework-win-MediaFoundation: 216162199b28c13a410421893ffa2e32 -> 
  custom:video-decoder-ogg-theora: a1e56fd34408186e4bbccfd4996cb3dc -> 
  custom:container-muxer-webm: aa71ff27fc2769a1b78a27578f13a17b -> 
  custom:container-demuxer-webm: 4f35f7cbe854078d1ac9338744f61a02 -> 
  custom:container-demuxer-ogg: 62fdf1f143b41e24485cea50d1cbac27 -> 
  custom:video-encoder-webm-vp8: eb34c28f22e8b96e1ab97ce403110664 -> 
  custom:video-decoder-webm-vp8: 9c59270c3fd7afecdb556c50c9e8de78 -> 
  custom:audio-decoder-ogg-vorbis: bf7c407c2cedff20999df2af8eb42d56 -> 
  custom:audio-encoder-webm-vorbis: bf7c407c2cedff20999df2af8eb42d56 -> 
========================================================================
Received Prepare
Registering precompiled user dll's ...
Registered in 0.005120 seconds.
Begin MonoManager ReloadAssembly
Native extension for WindowsStandalone target not found
Refreshing native plugins compatible for Editor in 0.48 ms, found 2 plugins.
Preloading 0 native plugins for Editor in 0.00 ms.
Mono: successfully reloaded assembly
- Completed reload, in  1.326 seconds
Domain Reload Profiling:
	ReloadAssembly (1326ms)
		BeginReloadAssembly (141ms)
			ExecutionOrderSort (0ms)
			DisableScriptedObjects (7ms)
			BackupInstance (0ms)
			ReleaseScriptingObjects (0ms)
			CreateAndSetChildDomain (45ms)
		EndReloadAssembly (1099ms)
			LoadAssemblies (121ms)
			RebuildTransferFunctionScriptingTraits (0ms)
			SetupTypeCache (389ms)
			ReleaseScriptCaches (1ms)
			RebuildScriptCaches (62ms)
			SetupLoadedEditorAssemblies (396ms)
				LogAssemblyErrors (0ms)
				InitializePlatformSupportModulesInManaged (6ms)
				SetLoadedEditorAssemblies (1ms)
				RefreshPlugins (1ms)
				BeforeProcessingInitializeOnLoad (97ms)
				ProcessInitializeOnLoadAttributes (271ms)
				ProcessInitializeOnLoadMethodAttributes (11ms)
				AfterProcessingInitializeOnLoad (9ms)
				EditorAssembliesLoaded (0ms)
			ExecutionOrderSort2 (0ms)
			AwakeInstancesAfterBackupRestoration (9ms)
Platform modules already initialized, skipping
Refreshing native plugins compatible for Editor in 0.53 ms, found 2 plugins.
Preloading 0 native plugins for Editor in 0.00 ms.
Unloading 1506 Unused Serialized files (Serialized files now loaded: 0)
System memory in use before: 70.9 MB.
System memory in use after: 71.0 MB.

Unloading 14 unused Assets to reduce memory usage. Loaded Objects now: 1957.
Total: 3.685600 ms (FindLiveObjects: 0.208800 ms CreateObjectMapping: 0.047200 ms MarkObjects: 3.400900 ms  DeleteObjects: 0.027000 ms)

AssetImportParameters requested are different than current active one (requested -> active):
  custom:framework-win-MediaFoundation: 216162199b28c13a410421893ffa2e32 -> 
  custom:video-decoder-ogg-theora: a1e56fd34408186e4bbccfd4996cb3dc -> 
  custom:container-muxer-webm: aa71ff27fc2769a1b78a27578f13a17b -> 
  custom:container-demuxer-webm: 4f35f7cbe854078d1ac9338744f61a02 -> 
  custom:container-demuxer-ogg: 62fdf1f143b41e24485cea50d1cbac27 -> 
  custom:video-encoder-webm-vp8: eb34c28f22e8b96e1ab97ce403110664 -> 
  custom:video-decoder-webm-vp8: 9c59270c3fd7afecdb556c50c9e8de78 -> 
  custom:audio-decoder-ogg-vorbis: bf7c407c2cedff20999df2af8eb42d56 -> 
  custom:audio-encoder-webm-vorbis: bf7c407c2cedff20999df2af8eb42d56 -> 
========================================================================
Received Prepare
Registering precompiled user dll's ...
Registered in 0.006580 seconds.
Begin MonoManager ReloadAssembly
Native extension for WindowsStandalone target not found
Refreshing native plugins compatible for Editor in 0.54 ms, found 2 plugins.
Preloading 0 native plugins for Editor in 0.00 ms.
Mono: successfully reloaded assembly
- Completed reload, in  1.368 seconds
Domain Reload Profiling:
	ReloadAssembly (1368ms)
		BeginReloadAssembly (150ms)
			ExecutionOrderSort (0ms)
			DisableScriptedObjects (8ms)
			BackupInstance (0ms)
			ReleaseScriptingObjects (0ms)
			CreateAndSetChildDomain (42ms)
		EndReloadAssembly (1127ms)
			LoadAssemblies (111ms)
			RebuildTransferFunctionScriptingTraits (0ms)
			SetupTypeCache (364ms)
			ReleaseScriptCaches (1ms)
			RebuildScriptCaches (62ms)
			SetupLoadedEditorAssemblies (470ms)
				LogAssemblyErrors (0ms)
				InitializePlatformSupportModulesInManaged (7ms)
				SetLoadedEditorAssemblies (1ms)
				RefreshPlugins (1ms)
				BeforeProcessingInitializeOnLoad (101ms)
				ProcessInitializeOnLoadAttributes (337ms)
				ProcessInitializeOnLoadMethodAttributes (12ms)
				AfterProcessingInitializeOnLoad (11ms)
				EditorAssembliesLoaded (0ms)
			ExecutionOrderSort2 (0ms)
			AwakeInstancesAfterBackupRestoration (9ms)
Platform modules already initialized, skipping
Refreshing native plugins compatible for Editor in 0.42 ms, found 2 plugins.
Preloading 0 native plugins for Editor in 0.00 ms.
Unloading 1506 Unused Serialized files (Serialized files now loaded: 0)
System memory in use before: 70.9 MB.
System memory in use after: 71.0 MB.

Unloading 14 unused Assets to reduce memory usage. Loaded Objects now: 1959.
Total: 3.160100 ms (FindLiveObjects: 0.190700 ms CreateObjectMapping: 0.040100 ms MarkObjects: 2.901000 ms  DeleteObjects: 0.026500 ms)

AssetImportParameters requested are different than current active one (requested -> active):
  custom:framework-win-MediaFoundation: 216162199b28c13a410421893ffa2e32 -> 
  custom:video-decoder-ogg-theora: a1e56fd34408186e4bbccfd4996cb3dc -> 
  custom:container-muxer-webm: aa71ff27fc2769a1b78a27578f13a17b -> 
  custom:container-demuxer-webm: 4f35f7cbe854078d1ac9338744f61a02 -> 
  custom:container-demuxer-ogg: 62fdf1f143b41e24485cea50d1cbac27 -> 
  custom:video-encoder-webm-vp8: eb34c28f22e8b96e1ab97ce403110664 -> 
  custom:video-decoder-webm-vp8: 9c59270c3fd7afecdb556c50c9e8de78 -> 
  custom:audio-decoder-ogg-vorbis: bf7c407c2cedff20999df2af8eb42d56 -> 
  custom:audio-encoder-webm-vorbis: bf7c407c2cedff20999df2af8eb42d56 -> 
AssetImportWorkerClient::OnTransportError - code=2 error=End of file
